<?xml version="1.0" encoding="UTF-8"?>
<!-- Generated by org.testng.reporters.JUnitXMLReporter -->
<testsuite ignored="0" hostname="DESKTOP-DJ4FDME" failures="0" tests="3" name="Default test" time="32.456" errors="0" timestamp="2024-12-31T08:26:57 IST">
  <testcase classname="org.wipro.automation.fb.testcases.SignupScenario_DDF" name="tc02_validcred_signupfunc" time="4.842"/>
  <testcase classname="org.wipro.automation.fb.testcases.SignupScenario_DDF" name="tc02_validcred_signupfunc" time="4.507"/>
  <testcase classname="org.wipro.automation.fb.testcases.SignupScenario_DDF" name="tc02_validcred_signupfunc" time="4.889"/>
</testsuite> <!-- Default test -->
