<?xml version="1.0" encoding="UTF-8"?>
<!-- Generated by org.testng.reporters.JUnitXMLReporter -->
<testsuite ignored="3" hostname="DESKTOP-DJ4FDME" failures="0" tests="2" name="Test" time="15.882" errors="0" timestamp="2024-12-27T08:33:48 IST">
  <testcase classname="org.xyz.automation.abc.KeyboardMouse_AlertFrames" name="handlealerts" time="3.993"/>
  <testcase classname="org.xyz.automation.abc.KeyboardMouse_AlertFrames" name="handleframes" time="11.806"/>
  <testcase classname="org.xyz.automation.abc.KeyboardMouse_AlertFrames" name="handlemouse_universalOrlando" time="0.0">
    <ignored/>
  </testcase> <!-- handlemouse_universalOrlando -->
  <testcase classname="org.xyz.automation.abc.KeyboardMouse_AlertFrames" name="handleKeyboard" time="0.0">
    <ignored/>
  </testcase> <!-- handleKeyboard -->
  <testcase classname="org.xyz.automation.abc.KeyboardMouse_AlertFrames" name="handlemouse_mphasis" time="0.0">
    <ignored/>
  </testcase> <!-- handlemouse_mphasis -->
</testsuite> <!-- Test -->
