<?xml version="1.0" encoding="UTF-8"?>
<testng-results ignored="0" total="1" passed="1" failed="0" skipped="0">
  <reporter-output>
  </reporter-output>
  <suite started-at="2025-01-03T08:16:38 IST" name="Default suite" finished-at="2025-01-03T08:17:10 IST" duration-ms="32233">
    <groups>
    </groups>
    <test started-at="2025-01-03T08:16:38 IST" name="Default test" finished-at="2025-01-03T08:17:10 IST" duration-ms="32233">
      <class name="org.wipro.automation.fb.testcases.ExploreThemes_Scenaio">
        <test-method is-config="true" signature="launchBrowser()[pri:0, instance:org.wipro.automation.fb.testcases.ExploreThemes_Scenaio@5d0bf09b]" started-at="2025-01-03T08:16:38 IST" name="launchBrowser" finished-at="2025-01-03T08:17:08 IST" duration-ms="29667" status="PASS">
          <reporter-output>
          </reporter-output>
        </test-method> <!-- launchBrowser -->
        <test-method signature="validate_themeparks_menu()[pri:0, instance:org.wipro.automation.fb.testcases.ExploreThemes_Scenaio@5d0bf09b]" started-at="2025-01-03T08:17:08 IST" name="validate_themeparks_menu" finished-at="2025-01-03T08:17:10 IST" duration-ms="2475" status="PASS">
          <reporter-output>
          </reporter-output>
        </test-method> <!-- validate_themeparks_menu -->
        <test-method is-config="true" signature="closeBrowser()[pri:0, instance:org.wipro.automation.fb.testcases.ExploreThemes_Scenaio@5d0bf09b]" started-at="2025-01-03T08:17:10 IST" name="closeBrowser" finished-at="2025-01-03T08:17:10 IST" duration-ms="1" status="PASS">
          <reporter-output>
          </reporter-output>
        </test-method> <!-- closeBrowser -->
      </class> <!-- org.wipro.automation.fb.testcases.ExploreThemes_Scenaio -->
    </test> <!-- Default test -->
  </suite> <!-- Default suite -->
</testng-results>
