<?xml version="1.0" encoding="UTF-8"?>
<testng-results ignored="0" total="3" passed="3" failed="0" skipped="0">
  <reporter-output>
  </reporter-output>
  <suite started-at="2024-12-31T08:26:24 IST" name="Default suite" finished-at="2024-12-31T08:26:57 IST" duration-ms="32456">
    <groups>
    </groups>
    <test started-at="2024-12-31T08:26:24 IST" name="Default test" finished-at="2024-12-31T08:26:57 IST" duration-ms="32456">
      <class name="org.wipro.automation.fb.testcases.SignupScenario_DDF">
        <test-method is-config="true" signature="launchBrowser()[pri:0, instance:org.wipro.automation.fb.testcases.SignupScenario_DDF@5d0bf09b]" started-at="2024-12-31T08:26:24 IST" name="launchBrowser" finished-at="2024-12-31T08:26:31 IST" duration-ms="6486" status="PASS">
          <reporter-output>
          </reporter-output>
        </test-method> <!-- launchBrowser -->
        <test-method signature="tc02_validcred_signupfunc(java.lang.String,java.lang.String)[pri:0, instance:org.wipro.automation.fb.testcases.SignupScenario_DDF@5d0bf09b]" started-at="2024-12-31T08:26:31 IST" name="tc02_validcred_signupfunc" data-provider="ddfdata1" finished-at="2024-12-31T08:26:36 IST" duration-ms="4842" status="PASS">
          <params>
            <param index="0">
              <value>
                <![CDATA[santosh]]>
              </value>
            </param>
            <param index="1">
              <value>
                <![CDATA[modi]]>
              </value>
            </param>
          </params>
          <reporter-output>
          </reporter-output>
        </test-method> <!-- tc02_validcred_signupfunc -->
        <test-method is-config="true" signature="closeBrowser()[pri:0, instance:org.wipro.automation.fb.testcases.SignupScenario_DDF@5d0bf09b]" started-at="2024-12-31T08:26:36 IST" name="closeBrowser" finished-at="2024-12-31T08:26:36 IST" duration-ms="1" status="PASS">
          <reporter-output>
          </reporter-output>
        </test-method> <!-- closeBrowser -->
        <test-method is-config="true" signature="launchBrowser()[pri:0, instance:org.wipro.automation.fb.testcases.SignupScenario_DDF@5d0bf09b]" started-at="2024-12-31T08:26:36 IST" name="launchBrowser" finished-at="2024-12-31T08:26:41 IST" duration-ms="5782" status="PASS">
          <reporter-output>
          </reporter-output>
        </test-method> <!-- launchBrowser -->
        <test-method signature="tc02_validcred_signupfunc(java.lang.String,java.lang.String)[pri:0, instance:org.wipro.automation.fb.testcases.SignupScenario_DDF@5d0bf09b]" started-at="2024-12-31T08:26:41 IST" name="tc02_validcred_signupfunc" data-provider="ddfdata1" finished-at="2024-12-31T08:26:46 IST" duration-ms="4507" status="PASS">
          <params>
            <param index="0">
              <value>
                <![CDATA[robel]]>
              </value>
            </param>
            <param index="1">
              <value>
                <![CDATA[desta]]>
              </value>
            </param>
          </params>
          <reporter-output>
          </reporter-output>
        </test-method> <!-- tc02_validcred_signupfunc -->
        <test-method is-config="true" signature="closeBrowser()[pri:0, instance:org.wipro.automation.fb.testcases.SignupScenario_DDF@5d0bf09b]" started-at="2024-12-31T08:26:46 IST" name="closeBrowser" finished-at="2024-12-31T08:26:46 IST" duration-ms="1" status="PASS">
          <reporter-output>
          </reporter-output>
        </test-method> <!-- closeBrowser -->
        <test-method is-config="true" signature="launchBrowser()[pri:0, instance:org.wipro.automation.fb.testcases.SignupScenario_DDF@5d0bf09b]" started-at="2024-12-31T08:26:46 IST" name="launchBrowser" finished-at="2024-12-31T08:26:52 IST" duration-ms="5837" status="PASS">
          <reporter-output>
          </reporter-output>
        </test-method> <!-- launchBrowser -->
        <test-method signature="tc02_validcred_signupfunc(java.lang.String,java.lang.String)[pri:0, instance:org.wipro.automation.fb.testcases.SignupScenario_DDF@5d0bf09b]" started-at="2024-12-31T08:26:52 IST" name="tc02_validcred_signupfunc" data-provider="ddfdata1" finished-at="2024-12-31T08:26:57 IST" duration-ms="4889" status="PASS">
          <params>
            <param index="0">
              <value>
                <![CDATA[soleil]]>
              </value>
            </param>
            <param index="1">
              <value>
                <![CDATA[burgess]]>
              </value>
            </param>
          </params>
          <reporter-output>
          </reporter-output>
        </test-method> <!-- tc02_validcred_signupfunc -->
        <test-method is-config="true" signature="closeBrowser()[pri:0, instance:org.wipro.automation.fb.testcases.SignupScenario_DDF@5d0bf09b]" started-at="2024-12-31T08:26:57 IST" name="closeBrowser" finished-at="2024-12-31T08:26:57 IST" duration-ms="0" status="PASS">
          <reporter-output>
          </reporter-output>
        </test-method> <!-- closeBrowser -->
      </class> <!-- org.wipro.automation.fb.testcases.SignupScenario_DDF -->
    </test> <!-- Default test -->
  </suite> <!-- Default suite -->
</testng-results>
